c:\users\user\desktop\실험\digimon_defence\release\vc140.pdb
c:\users\user\desktop\실험\digimon_defence\release\digimon_unit.obj
c:\users\user\desktop\실험\digimon_defence\release\digimon_stage.obj
c:\users\user\desktop\실험\digimon_defence\release\digimon_selectstage.obj
c:\users\user\desktop\실험\digimon_defence\release\digimon_monster.obj
c:\users\user\desktop\실험\digimon_defence\release\digimon_main.obj
c:\users\user\desktop\실험\digimon_defence\release\digimon_intro.obj
c:\users\user\desktop\실험\digimon_defence\release\digimon_stagehandler.obj
c:\users\user\desktop\실험\digimon_defence\release\digimon_gameover.obj
c:\users\user\desktop\실험\digimon_defence\release\digimon_clear.obj
c:\users\user\desktop\실험\digimon_defence\release\vc141.pdb
c:\users\user\desktop\실험\release\digimon_defence.pdb
c:\users\user\desktop\실험\release\digimon_defence.exe
c:\users\user\desktop\실험\digimon_defence\release\digimon_defence.tlog\cl.command.1.tlog
c:\users\user\desktop\실험\digimon_defence\release\digimon_defence.tlog\cl.read.1.tlog
c:\users\user\desktop\실험\digimon_defence\release\digimon_defence.tlog\cl.write.1.tlog
c:\users\user\desktop\실험\digimon_defence\release\digimon_defence.tlog\digimon_defence.write.1u.tlog
c:\users\user\desktop\실험\digimon_defence\release\digimon_defence.tlog\link.command.1.tlog
c:\users\user\desktop\실험\digimon_defence\release\digimon_defence.tlog\link.read.1.tlog
c:\users\user\desktop\실험\digimon_defence\release\digimon_defence.tlog\link.write.1.tlog
